/home/cmussard/github/CodageHuffman/src/cellule.adb:9:25: (style) space required
/home/cmussard/github/CodageHuffman/src/cellule.adb:11:18: (style) reserved words must be all lower case
/home/cmussard/github/CodageHuffman/src/cellule.adb:16:20: (style) reserved words must be all lower case
/home/cmussard/github/CodageHuffman/src/cellule.adb:20:04: (style) "end Est_Vide" required
/home/cmussard/github/CodageHuffman/src/cellule.adb:22:07: (style) space required
/home/cmussard/github/CodageHuffman/src/cellule.adb:25:18: (style) space required
/home/cmussard/github/CodageHuffman/src/cellule.adb:28:27: (style) space required
/home/cmussard/github/CodageHuffman/src/cellule.adb:32:19: (style) space required
/home/cmussard/github/CodageHuffman/src/cellule.adb:34:18: (style) space required
/home/cmussard/github/CodageHuffman/src/cellule.adb:35:10: (style) reserved words must be all lower case
/home/cmussard/github/CodageHuffman/src/cellule.adb:37:15: (style) space required
/home/cmussard/github/CodageHuffman/src/cellule.adb:38:15: (style) space required
/home/cmussard/github/CodageHuffman/src/cellule.adb:39:14: (style) space required
/home/cmussard/github/CodageHuffman/src/cellule.adb:43:24: (style) space required
/home/cmussard/github/CodageHuffman/src/cellule.adb:45:18: (style) space required
/home/cmussard/github/CodageHuffman/src/cellule.adb:51:25: (style) space required
/home/cmussard/github/CodageHuffman/src/cellule.adb:53:18: (style) space required
/home/cmussard/github/CodageHuffman/src/cellule.adb:58:29: (style) space required
/home/cmussard/github/CodageHuffman/src/cellule.adb:62:46: (style) space not allowed
/home/cmussard/github/CodageHuffman/src/cellule.adb:64:18: (style) space required
/home/cmussard/github/CodageHuffman/src/cellule.adb:66:21: (style) reserved words must be all lower case
/home/cmussard/github/CodageHuffman/src/cellule.adb:68:25: (style) space required
/home/cmussard/github/CodageHuffman/src/cellule.adb:69:26: (style) space required
/home/cmussard/github/CodageHuffman/src/cellule.adb:71:26: (style) space required
/home/cmussard/github/CodageHuffman/src/cellule.adb:76:25: (style) space required
/home/cmussard/github/CodageHuffman/src/cellule.adb:79:18: (style) space required
/home/cmussard/github/CodageHuffman/src/cellule.adb:80:13: (style) reserved words must be all lower case
/home/cmussard/github/CodageHuffman/src/cellule.adb:81:13: (style) reserved words must be all lower case
/home/cmussard/github/CodageHuffman/src/cellule.adb:82:15: (style) reserved words must be all lower case
/home/cmussard/github/CodageHuffman/src/cellule.adb:85:04: (style) reserved words must be all lower case
/home/cmussard/github/CodageHuffman/src/cellule.adb:87:18: (style) space required
/home/cmussard/github/CodageHuffman/src/cellule.adb:90:19: (style) space required
/home/cmussard/github/CodageHuffman/src/cellule.adb:91:19: (style) space required
/home/cmussard/github/CodageHuffman/src/cellule.adb:93:14: (style) space required
/home/cmussard/github/CodageHuffman/src/cellule.adb:97:29: (style) space required
/home/cmussard/github/CodageHuffman/src/cellule.adb:99:13: (style) space required
/home/cmussard/github/CodageHuffman/src/cellule.adb:100:25: (style) space required
/home/cmussard/github/CodageHuffman/src/cellule.adb:102:21: (style) space required
/home/cmussard/github/CodageHuffman/src/cellule.adb:103:17: (style) space required
/home/cmussard/github/CodageHuffman/src/cellule.adb:105:13: (style) space required
/home/cmussard/github/CodageHuffman/src/cellule.adb:106:25: (style) space required
/home/cmussard/github/CodageHuffman/src/cellule.ads:8:07: (style) space required
/home/cmussard/github/CodageHuffman/src/cellule.ads:9:25: (style) space required
/home/cmussard/github/CodageHuffman/src/cellule.ads:11:19: (style) space required
/home/cmussard/github/CodageHuffman/src/cellule.ads:14:07: (style) space required
/home/cmussard/github/CodageHuffman/src/cellule.ads:15:21: (style) space required
/home/cmussard/github/CodageHuffman/src/cellule.ads:17:07: (style) space required
/home/cmussard/github/CodageHuffman/src/cellule.ads:22:06: (style) two spaces required
/home/cmussard/github/CodageHuffman/src/cellule.ads:23:24: (style) space required
/home/cmussard/github/CodageHuffman/src/cellule.ads:25:07: (style) space required
/home/cmussard/github/CodageHuffman/src/cellule.ads:26:25: (style) space required
/home/cmussard/github/CodageHuffman/src/cellule.ads:28:22: (style) space required
/home/cmussard/github/CodageHuffman/src/cellule.ads:31:07: (style) space required
/home/cmussard/github/CodageHuffman/src/cellule.ads:32:25: (style) space required
/home/cmussard/github/CodageHuffman/src/cellule.ads:34:07: (style) space required
/home/cmussard/github/CodageHuffman/src/cellule.ads:35:07: (style) space required
/home/cmussard/github/CodageHuffman/src/cellule.ads:36:23: (style) space required
/home/cmussard/github/CodageHuffman/src/cellule.ads:37:80: (style) this line is too long
/home/cmussard/github/CodageHuffman/src/cellule.ads:41:06: (style) bad indentation
/home/cmussard/github/CodageHuffman/src/cellule.ads:42:59: (style) space required
/home/cmussard/github/CodageHuffman/src/cellule.ads:43:31: (style) space required
/home/cmussard/github/CodageHuffman/src/cellule.ads:43:32: warning: formal parameter "Cellule" is not modified
/home/cmussard/github/CodageHuffman/src/cellule.ads:43:32: warning: mode could be "in" instead of "in out"
